Started GET "/" for 127.0.0.1 at 2025-03-10 21:24:26 +0900
  [1m[35m (4.6ms)[0m  [1m[35mCREATE TABLE "schema_migrations" ("version" varchar NOT NULL PRIMARY KEY) /*application='BlogApi'*/[0m
  [1m[35m (0.2ms)[0m  [1m[35mCREATE TABLE "ar_internal_metadata" ("key" varchar NOT NULL PRIMARY KEY, "value" varchar, "created_at" datetime(6) NOT NULL, "updated_at" datetime(6) NOT NULL) /*application='BlogApi'*/[0m
  [1m[36mActiveRecord::SchemaMigration Load (0.2ms)[0m  [1m[34mSELECT "schema_migrations"."version" FROM "schema_migrations" ORDER BY "schema_migrations"."version" ASC /*application='BlogApi'*/[0m
Processing by Rails::WelcomeController#index as HTML
  Rendering C:/Ruby33-x64/lib/ruby/gems/3.3.0/gems/railties-8.0.1/lib/rails/templates/rails/welcome/index.html.erb
  Rendered C:/Ruby33-x64/lib/ruby/gems/3.3.0/gems/railties-8.0.1/lib/rails/templates/rails/welcome/index.html.erb (Duration: 2.1ms | GC: 0.0ms)
Completed 200 OK in 1307ms (Views: 65.3ms | ActiveRecord: 0.0ms (0 queries, 0 cached) | GC: 0.0ms)


  [1m[36mActiveRecord::InternalMetadata Load (0.2ms)[0m  [1m[34mSELECT * FROM "ar_internal_metadata" WHERE "ar_internal_metadata"."key" = 'environment' ORDER BY "ar_internal_metadata"."key" ASC LIMIT 1 /*application='BlogApi'*/[0m
  [1m[36mActiveRecord::InternalMetadata Create (6.7ms)[0m  [1m[32mINSERT INTO "ar_internal_metadata" ("key", "value", "created_at", "updated_at") VALUES ('environment', 'development', '2025-03-10 12:28:25.807223', '2025-03-10 12:28:25.807226') RETURNING "key" /*application='BlogApi'*/[0m
  [1m[36mActiveRecord::SchemaMigration Load (0.1ms)[0m  [1m[34mSELECT "schema_migrations"."version" FROM "schema_migrations" ORDER BY "schema_migrations"."version" ASC /*application='BlogApi'*/[0m
Migrating to CreatePosts (20250310122557)
  [1m[36mTRANSACTION (0.1ms)[0m  [1m[35mBEGIN immediate TRANSACTION /*application='BlogApi'*/[0m
  [1m[35m (4.0ms)[0m  [1m[35mCREATE TABLE "posts" ("id" integer PRIMARY KEY AUTOINCREMENT NOT NULL, "title" varchar, "content" text, "created_at" datetime(6) NOT NULL, "updated_at" datetime(6) NOT NULL) /*application='BlogApi'*/[0m
  [1m[36mActiveRecord::SchemaMigration Create (0.2ms)[0m  [1m[32mINSERT INTO "schema_migrations" ("version") VALUES ('20250310122557') RETURNING "version" /*application='BlogApi'*/[0m
  [1m[36mTRANSACTION (0.2ms)[0m  [1m[35mCOMMIT TRANSACTION /*application='BlogApi'*/[0m
  [1m[36mActiveRecord::SchemaMigration Load (0.1ms)[0m  [1m[34mSELECT "schema_migrations"."version" FROM "schema_migrations" ORDER BY "schema_migrations"."version" ASC /*application='BlogApi'*/[0m
  [1m[36mActiveRecord::SchemaMigration Load (0.2ms)[0m  [1m[34mSELECT "schema_migrations"."version" FROM "schema_migrations" ORDER BY "schema_migrations"."version" ASC /*application='BlogApi'*/[0m
Started POST "/api/v1/posts" for 127.0.0.1 at 2025-03-10 22:20:32 +0900
  [1m[36mActiveRecord::SchemaMigration Load (0.2ms)[0m  [1m[34mSELECT "schema_migrations"."version" FROM "schema_migrations" ORDER BY "schema_migrations"."version" ASC /*application='BlogApi'*/[0m
Processing by Api::V1::PostsController#create as */*
  Parameters: {"title"=>"初めての投稿です。", "content"=>"初めての投稿です。", "post"=>{"title"=>"初めての投稿です。", "content"=>"初めての投稿です。"}}
Can't verify CSRF token authenticity.
Completed 422 Unprocessable Content in 1ms (ActiveRecord: 5.0ms (0 queries, 0 cached) | GC: 0.0ms)


  
ActionController::InvalidAuthenticityToken (Can't verify CSRF token authenticity.):
  
actionpack (8.0.1) lib/action_controller/metal/request_forgery_protection.rb:312:in `handle_unverified_request'
actionpack (8.0.1) lib/action_controller/metal/request_forgery_protection.rb:406:in `handle_unverified_request'
actionpack (8.0.1) lib/action_controller/metal/request_forgery_protection.rb:395:in `verify_authenticity_token'
activesupport (8.0.1) lib/active_support/callbacks.rb:361:in `block in make_lambda'
activesupport (8.0.1) lib/active_support/callbacks.rb:178:in `block in call'
actionpack (8.0.1) lib/abstract_controller/callbacks.rb:34:in `block (2 levels) in <module:Callbacks>'
activesupport (8.0.1) lib/active_support/callbacks.rb:179:in `call'
activesupport (8.0.1) lib/active_support/callbacks.rb:558:in `block in invoke_before'
activesupport (8.0.1) lib/active_support/callbacks.rb:558:in `each'
activesupport (8.0.1) lib/active_support/callbacks.rb:558:in `invoke_before'
activesupport (8.0.1) lib/active_support/callbacks.rb:118:in `block in run_callbacks'
activesupport (8.0.1) lib/active_support/callbacks.rb:140:in `run_callbacks'
actionpack (8.0.1) lib/abstract_controller/callbacks.rb:260:in `process_action'
actionpack (8.0.1) lib/action_controller/metal/rescue.rb:27:in `process_action'
actionpack (8.0.1) lib/action_controller/metal/instrumentation.rb:76:in `block in process_action'
activesupport (8.0.1) lib/active_support/notifications.rb:210:in `block in instrument'
activesupport (8.0.1) lib/active_support/notifications/instrumenter.rb:58:in `instrument'
activesupport (8.0.1) lib/active_support/notifications.rb:210:in `instrument'
actionpack (8.0.1) lib/action_controller/metal/instrumentation.rb:75:in `process_action'
actionpack (8.0.1) lib/action_controller/metal/params_wrapper.rb:259:in `process_action'
activerecord (8.0.1) lib/active_record/railties/controller_runtime.rb:39:in `process_action'
actionpack (8.0.1) lib/abstract_controller/base.rb:163:in `process'
actionview (8.0.1) lib/action_view/rendering.rb:40:in `process'
actionpack (8.0.1) lib/action_controller/metal.rb:252:in `dispatch'
actionpack (8.0.1) lib/action_controller/metal.rb:335:in `dispatch'
actionpack (8.0.1) lib/action_dispatch/routing/route_set.rb:67:in `dispatch'
actionpack (8.0.1) lib/action_dispatch/routing/route_set.rb:50:in `serve'
actionpack (8.0.1) lib/action_dispatch/journey/router.rb:53:in `block in serve'
actionpack (8.0.1) lib/action_dispatch/journey/router.rb:133:in `block in find_routes'
actionpack (8.0.1) lib/action_dispatch/journey/router.rb:126:in `each'
actionpack (8.0.1) lib/action_dispatch/journey/router.rb:126:in `find_routes'
actionpack (8.0.1) lib/action_dispatch/journey/router.rb:34:in `serve'
actionpack (8.0.1) lib/action_dispatch/routing/route_set.rb:908:in `call'
railties (8.0.1) lib/rails/engine/lazy_route_set.rb:68:in `call'
rack (3.1.11) lib/rack/tempfile_reaper.rb:20:in `call'
rack (3.1.11) lib/rack/etag.rb:29:in `call'
rack (3.1.11) lib/rack/conditional_get.rb:43:in `call'
rack (3.1.11) lib/rack/head.rb:15:in `call'
actionpack (8.0.1) lib/action_dispatch/http/permissions_policy.rb:38:in `call'
actionpack (8.0.1) lib/action_dispatch/http/content_security_policy.rb:38:in `call'
rack-session (2.1.0) lib/rack/session/abstract/id.rb:274:in `context'
rack-session (2.1.0) lib/rack/session/abstract/id.rb:268:in `call'
actionpack (8.0.1) lib/action_dispatch/middleware/cookies.rb:706:in `call'
activerecord (8.0.1) lib/active_record/migration.rb:671:in `call'
actionpack (8.0.1) lib/action_dispatch/middleware/callbacks.rb:31:in `block in call'
activesupport (8.0.1) lib/active_support/callbacks.rb:100:in `run_callbacks'
actionpack (8.0.1) lib/action_dispatch/middleware/callbacks.rb:30:in `call'
actionpack (8.0.1) lib/action_dispatch/middleware/executor.rb:16:in `call'
actionpack (8.0.1) lib/action_dispatch/middleware/actionable_exceptions.rb:18:in `call'
actionpack (8.0.1) lib/action_dispatch/middleware/debug_exceptions.rb:31:in `call'
web-console (4.2.1) lib/web_console/middleware.rb:132:in `call_app'
web-console (4.2.1) lib/web_console/middleware.rb:28:in `block in call'
web-console (4.2.1) lib/web_console/middleware.rb:17:in `catch'
web-console (4.2.1) lib/web_console/middleware.rb:17:in `call'
actionpack (8.0.1) lib/action_dispatch/middleware/show_exceptions.rb:32:in `call'
railties (8.0.1) lib/rails/rack/logger.rb:41:in `call_app'
railties (8.0.1) lib/rails/rack/logger.rb:29:in `call'
actionpack (8.0.1) lib/action_dispatch/middleware/remote_ip.rb:96:in `call'
actionpack (8.0.1) lib/action_dispatch/middleware/request_id.rb:34:in `call'
rack (3.1.11) lib/rack/method_override.rb:28:in `call'
rack (3.1.11) lib/rack/runtime.rb:24:in `call'
actionpack (8.0.1) lib/action_dispatch/middleware/server_timing.rb:61:in `block in call'
actionpack (8.0.1) lib/action_dispatch/middleware/server_timing.rb:26:in `collect_events'
actionpack (8.0.1) lib/action_dispatch/middleware/server_timing.rb:60:in `call'
actionpack (8.0.1) lib/action_dispatch/middleware/executor.rb:16:in `call'
actionpack (8.0.1) lib/action_dispatch/middleware/static.rb:27:in `call'
rack (3.1.11) lib/rack/sendfile.rb:114:in `call'
actionpack (8.0.1) lib/action_dispatch/middleware/host_authorization.rb:143:in `call'
railties (8.0.1) lib/rails/engine.rb:535:in `call'
puma (6.6.0) lib/puma/configuration.rb:279:in `call'
puma (6.6.0) lib/puma/request.rb:99:in `block in handle_request'
puma (6.6.0) lib/puma/thread_pool.rb:390:in `with_force_shutdown'
puma (6.6.0) lib/puma/request.rb:98:in `handle_request'
puma (6.6.0) lib/puma/server.rb:472:in `process_client'
puma (6.6.0) lib/puma/server.rb:254:in `block in run'
puma (6.6.0) lib/puma/thread_pool.rb:167:in `block in spawn_thread'
Started POST "/api/v1/posts" for 127.0.0.1 at 2025-03-10 22:23:00 +0900
Processing by Api::V1::PostsController#create as */*
  Parameters: {"title"=>"初めての投稿です。", "content"=>"初めての投稿です。", "post"=>{"title"=>"初めての投稿です。", "content"=>"初めての投稿です。"}}
Can't verify CSRF token authenticity.
Completed 422 Unprocessable Content in 1ms (ActiveRecord: 0.0ms (0 queries, 0 cached) | GC: 0.0ms)


  
ActionController::InvalidAuthenticityToken (Can't verify CSRF token authenticity.):
  
actionpack (8.0.1) lib/action_controller/metal/request_forgery_protection.rb:312:in `handle_unverified_request'
actionpack (8.0.1) lib/action_controller/metal/request_forgery_protection.rb:406:in `handle_unverified_request'
actionpack (8.0.1) lib/action_controller/metal/request_forgery_protection.rb:395:in `verify_authenticity_token'
activesupport (8.0.1) lib/active_support/callbacks.rb:361:in `block in make_lambda'
activesupport (8.0.1) lib/active_support/callbacks.rb:178:in `block in call'
actionpack (8.0.1) lib/abstract_controller/callbacks.rb:34:in `block (2 levels) in <module:Callbacks>'
activesupport (8.0.1) lib/active_support/callbacks.rb:179:in `call'
activesupport (8.0.1) lib/active_support/callbacks.rb:558:in `block in invoke_before'
activesupport (8.0.1) lib/active_support/callbacks.rb:558:in `each'
activesupport (8.0.1) lib/active_support/callbacks.rb:558:in `invoke_before'
activesupport (8.0.1) lib/active_support/callbacks.rb:118:in `block in run_callbacks'
activesupport (8.0.1) lib/active_support/callbacks.rb:140:in `run_callbacks'
actionpack (8.0.1) lib/abstract_controller/callbacks.rb:260:in `process_action'
actionpack (8.0.1) lib/action_controller/metal/rescue.rb:27:in `process_action'
actionpack (8.0.1) lib/action_controller/metal/instrumentation.rb:76:in `block in process_action'
activesupport (8.0.1) lib/active_support/notifications.rb:210:in `block in instrument'
activesupport (8.0.1) lib/active_support/notifications/instrumenter.rb:58:in `instrument'
activesupport (8.0.1) lib/active_support/notifications.rb:210:in `instrument'
actionpack (8.0.1) lib/action_controller/metal/instrumentation.rb:75:in `process_action'
actionpack (8.0.1) lib/action_controller/metal/params_wrapper.rb:259:in `process_action'
activerecord (8.0.1) lib/active_record/railties/controller_runtime.rb:39:in `process_action'
actionpack (8.0.1) lib/abstract_controller/base.rb:163:in `process'
actionview (8.0.1) lib/action_view/rendering.rb:40:in `process'
actionpack (8.0.1) lib/action_controller/metal.rb:252:in `dispatch'
actionpack (8.0.1) lib/action_controller/metal.rb:335:in `dispatch'
actionpack (8.0.1) lib/action_dispatch/routing/route_set.rb:67:in `dispatch'
actionpack (8.0.1) lib/action_dispatch/routing/route_set.rb:50:in `serve'
actionpack (8.0.1) lib/action_dispatch/journey/router.rb:53:in `block in serve'
actionpack (8.0.1) lib/action_dispatch/journey/router.rb:133:in `block in find_routes'
actionpack (8.0.1) lib/action_dispatch/journey/router.rb:126:in `each'
actionpack (8.0.1) lib/action_dispatch/journey/router.rb:126:in `find_routes'
actionpack (8.0.1) lib/action_dispatch/journey/router.rb:34:in `serve'
actionpack (8.0.1) lib/action_dispatch/routing/route_set.rb:908:in `call'
railties (8.0.1) lib/rails/engine/lazy_route_set.rb:68:in `call'
rack (3.1.11) lib/rack/tempfile_reaper.rb:20:in `call'
rack (3.1.11) lib/rack/etag.rb:29:in `call'
rack (3.1.11) lib/rack/conditional_get.rb:43:in `call'
rack (3.1.11) lib/rack/head.rb:15:in `call'
actionpack (8.0.1) lib/action_dispatch/http/permissions_policy.rb:38:in `call'
actionpack (8.0.1) lib/action_dispatch/http/content_security_policy.rb:38:in `call'
rack-session (2.1.0) lib/rack/session/abstract/id.rb:274:in `context'
rack-session (2.1.0) lib/rack/session/abstract/id.rb:268:in `call'
actionpack (8.0.1) lib/action_dispatch/middleware/cookies.rb:706:in `call'
activerecord (8.0.1) lib/active_record/migration.rb:671:in `call'
actionpack (8.0.1) lib/action_dispatch/middleware/callbacks.rb:31:in `block in call'
activesupport (8.0.1) lib/active_support/callbacks.rb:100:in `run_callbacks'
actionpack (8.0.1) lib/action_dispatch/middleware/callbacks.rb:30:in `call'
actionpack (8.0.1) lib/action_dispatch/middleware/executor.rb:16:in `call'
actionpack (8.0.1) lib/action_dispatch/middleware/actionable_exceptions.rb:18:in `call'
actionpack (8.0.1) lib/action_dispatch/middleware/debug_exceptions.rb:31:in `call'
web-console (4.2.1) lib/web_console/middleware.rb:132:in `call_app'
web-console (4.2.1) lib/web_console/middleware.rb:28:in `block in call'
web-console (4.2.1) lib/web_console/middleware.rb:17:in `catch'
web-console (4.2.1) lib/web_console/middleware.rb:17:in `call'
actionpack (8.0.1) lib/action_dispatch/middleware/show_exceptions.rb:32:in `call'
railties (8.0.1) lib/rails/rack/logger.rb:41:in `call_app'
railties (8.0.1) lib/rails/rack/logger.rb:29:in `call'
actionpack (8.0.1) lib/action_dispatch/middleware/remote_ip.rb:96:in `call'
actionpack (8.0.1) lib/action_dispatch/middleware/request_id.rb:34:in `call'
rack (3.1.11) lib/rack/method_override.rb:28:in `call'
rack (3.1.11) lib/rack/runtime.rb:24:in `call'
actionpack (8.0.1) lib/action_dispatch/middleware/server_timing.rb:61:in `block in call'
actionpack (8.0.1) lib/action_dispatch/middleware/server_timing.rb:26:in `collect_events'
actionpack (8.0.1) lib/action_dispatch/middleware/server_timing.rb:60:in `call'
actionpack (8.0.1) lib/action_dispatch/middleware/executor.rb:16:in `call'
actionpack (8.0.1) lib/action_dispatch/middleware/static.rb:27:in `call'
rack (3.1.11) lib/rack/sendfile.rb:114:in `call'
actionpack (8.0.1) lib/action_dispatch/middleware/host_authorization.rb:143:in `call'
railties (8.0.1) lib/rails/engine.rb:535:in `call'
puma (6.6.0) lib/puma/configuration.rb:279:in `call'
puma (6.6.0) lib/puma/request.rb:99:in `block in handle_request'
puma (6.6.0) lib/puma/thread_pool.rb:390:in `with_force_shutdown'
puma (6.6.0) lib/puma/request.rb:98:in `handle_request'
puma (6.6.0) lib/puma/server.rb:472:in `process_client'
puma (6.6.0) lib/puma/server.rb:254:in `block in run'
puma (6.6.0) lib/puma/thread_pool.rb:167:in `block in spawn_thread'
Started POST "/api/v1/posts" for 127.0.0.1 at 2025-03-10 22:25:41 +0900
Processing by Api::V1::PostsController#create as */*
  Parameters: {"title"=>"初めての投稿です。", "content"=>"初めての投稿です。", "post"=>{"title"=>"初めての投稿です。", "content"=>"初めての投稿です。"}}
Can't verify CSRF token authenticity.
Completed 422 Unprocessable Content in 1ms (ActiveRecord: 2.1ms (0 queries, 0 cached) | GC: 0.0ms)


  
ActionController::InvalidAuthenticityToken (Can't verify CSRF token authenticity.):
  
actionpack (8.0.1) lib/action_controller/metal/request_forgery_protection.rb:312:in `handle_unverified_request'
actionpack (8.0.1) lib/action_controller/metal/request_forgery_protection.rb:406:in `handle_unverified_request'
actionpack (8.0.1) lib/action_controller/metal/request_forgery_protection.rb:395:in `verify_authenticity_token'
activesupport (8.0.1) lib/active_support/callbacks.rb:361:in `block in make_lambda'
activesupport (8.0.1) lib/active_support/callbacks.rb:178:in `block in call'
actionpack (8.0.1) lib/abstract_controller/callbacks.rb:34:in `block (2 levels) in <module:Callbacks>'
activesupport (8.0.1) lib/active_support/callbacks.rb:179:in `call'
activesupport (8.0.1) lib/active_support/callbacks.rb:558:in `block in invoke_before'
activesupport (8.0.1) lib/active_support/callbacks.rb:558:in `each'
activesupport (8.0.1) lib/active_support/callbacks.rb:558:in `invoke_before'
activesupport (8.0.1) lib/active_support/callbacks.rb:118:in `block in run_callbacks'
activesupport (8.0.1) lib/active_support/callbacks.rb:140:in `run_callbacks'
actionpack (8.0.1) lib/abstract_controller/callbacks.rb:260:in `process_action'
actionpack (8.0.1) lib/action_controller/metal/rescue.rb:27:in `process_action'
actionpack (8.0.1) lib/action_controller/metal/instrumentation.rb:76:in `block in process_action'
activesupport (8.0.1) lib/active_support/notifications.rb:210:in `block in instrument'
activesupport (8.0.1) lib/active_support/notifications/instrumenter.rb:58:in `instrument'
activesupport (8.0.1) lib/active_support/notifications.rb:210:in `instrument'
actionpack (8.0.1) lib/action_controller/metal/instrumentation.rb:75:in `process_action'
actionpack (8.0.1) lib/action_controller/metal/params_wrapper.rb:259:in `process_action'
activerecord (8.0.1) lib/active_record/railties/controller_runtime.rb:39:in `process_action'
actionpack (8.0.1) lib/abstract_controller/base.rb:163:in `process'
actionview (8.0.1) lib/action_view/rendering.rb:40:in `process'
actionpack (8.0.1) lib/action_controller/metal.rb:252:in `dispatch'
actionpack (8.0.1) lib/action_controller/metal.rb:335:in `dispatch'
actionpack (8.0.1) lib/action_dispatch/routing/route_set.rb:67:in `dispatch'
actionpack (8.0.1) lib/action_dispatch/routing/route_set.rb:50:in `serve'
actionpack (8.0.1) lib/action_dispatch/journey/router.rb:53:in `block in serve'
actionpack (8.0.1) lib/action_dispatch/journey/router.rb:133:in `block in find_routes'
actionpack (8.0.1) lib/action_dispatch/journey/router.rb:126:in `each'
actionpack (8.0.1) lib/action_dispatch/journey/router.rb:126:in `find_routes'
actionpack (8.0.1) lib/action_dispatch/journey/router.rb:34:in `serve'
actionpack (8.0.1) lib/action_dispatch/routing/route_set.rb:908:in `call'
railties (8.0.1) lib/rails/engine/lazy_route_set.rb:68:in `call'
rack (3.1.11) lib/rack/tempfile_reaper.rb:20:in `call'
rack (3.1.11) lib/rack/etag.rb:29:in `call'
rack (3.1.11) lib/rack/conditional_get.rb:43:in `call'
rack (3.1.11) lib/rack/head.rb:15:in `call'
actionpack (8.0.1) lib/action_dispatch/http/permissions_policy.rb:38:in `call'
actionpack (8.0.1) lib/action_dispatch/http/content_security_policy.rb:38:in `call'
rack-session (2.1.0) lib/rack/session/abstract/id.rb:274:in `context'
rack-session (2.1.0) lib/rack/session/abstract/id.rb:268:in `call'
actionpack (8.0.1) lib/action_dispatch/middleware/cookies.rb:706:in `call'
activerecord (8.0.1) lib/active_record/migration.rb:671:in `call'
actionpack (8.0.1) lib/action_dispatch/middleware/callbacks.rb:31:in `block in call'
activesupport (8.0.1) lib/active_support/callbacks.rb:100:in `run_callbacks'
actionpack (8.0.1) lib/action_dispatch/middleware/callbacks.rb:30:in `call'
actionpack (8.0.1) lib/action_dispatch/middleware/executor.rb:16:in `call'
actionpack (8.0.1) lib/action_dispatch/middleware/actionable_exceptions.rb:18:in `call'
actionpack (8.0.1) lib/action_dispatch/middleware/debug_exceptions.rb:31:in `call'
web-console (4.2.1) lib/web_console/middleware.rb:132:in `call_app'
web-console (4.2.1) lib/web_console/middleware.rb:28:in `block in call'
web-console (4.2.1) lib/web_console/middleware.rb:17:in `catch'
web-console (4.2.1) lib/web_console/middleware.rb:17:in `call'
actionpack (8.0.1) lib/action_dispatch/middleware/show_exceptions.rb:32:in `call'
railties (8.0.1) lib/rails/rack/logger.rb:41:in `call_app'
railties (8.0.1) lib/rails/rack/logger.rb:29:in `call'
actionpack (8.0.1) lib/action_dispatch/middleware/remote_ip.rb:96:in `call'
actionpack (8.0.1) lib/action_dispatch/middleware/request_id.rb:34:in `call'
rack (3.1.11) lib/rack/method_override.rb:28:in `call'
rack (3.1.11) lib/rack/runtime.rb:24:in `call'
actionpack (8.0.1) lib/action_dispatch/middleware/server_timing.rb:61:in `block in call'
actionpack (8.0.1) lib/action_dispatch/middleware/server_timing.rb:26:in `collect_events'
actionpack (8.0.1) lib/action_dispatch/middleware/server_timing.rb:60:in `call'
actionpack (8.0.1) lib/action_dispatch/middleware/executor.rb:16:in `call'
actionpack (8.0.1) lib/action_dispatch/middleware/static.rb:27:in `call'
rack (3.1.11) lib/rack/sendfile.rb:114:in `call'
actionpack (8.0.1) lib/action_dispatch/middleware/host_authorization.rb:143:in `call'
railties (8.0.1) lib/rails/engine.rb:535:in `call'
puma (6.6.0) lib/puma/configuration.rb:279:in `call'
puma (6.6.0) lib/puma/request.rb:99:in `block in handle_request'
puma (6.6.0) lib/puma/thread_pool.rb:390:in `with_force_shutdown'
puma (6.6.0) lib/puma/request.rb:98:in `handle_request'
puma (6.6.0) lib/puma/server.rb:472:in `process_client'
puma (6.6.0) lib/puma/server.rb:254:in `block in run'
puma (6.6.0) lib/puma/thread_pool.rb:167:in `block in spawn_thread'
Started POST "/api/v1/posts" for 127.0.0.1 at 2025-03-10 22:28:30 +0900
Processing by Api::V1::PostsController#create as */*
  Parameters: {"title"=>"初めての投稿です。", "content"=>"初めての投稿です。", "post"=>{"title"=>"初めての投稿です。", "content"=>"初めての投稿です。"}}
Can't verify CSRF token authenticity.
Completed 422 Unprocessable Content in 1ms (ActiveRecord: 2.4ms (0 queries, 0 cached) | GC: 0.0ms)


  
ActionController::InvalidAuthenticityToken (Can't verify CSRF token authenticity.):
  
actionpack (8.0.1) lib/action_controller/metal/request_forgery_protection.rb:312:in `handle_unverified_request'
actionpack (8.0.1) lib/action_controller/metal/request_forgery_protection.rb:406:in `handle_unverified_request'
actionpack (8.0.1) lib/action_controller/metal/request_forgery_protection.rb:395:in `verify_authenticity_token'
activesupport (8.0.1) lib/active_support/callbacks.rb:361:in `block in make_lambda'
activesupport (8.0.1) lib/active_support/callbacks.rb:178:in `block in call'
actionpack (8.0.1) lib/abstract_controller/callbacks.rb:34:in `block (2 levels) in <module:Callbacks>'
activesupport (8.0.1) lib/active_support/callbacks.rb:179:in `call'
activesupport (8.0.1) lib/active_support/callbacks.rb:558:in `block in invoke_before'
activesupport (8.0.1) lib/active_support/callbacks.rb:558:in `each'
activesupport (8.0.1) lib/active_support/callbacks.rb:558:in `invoke_before'
activesupport (8.0.1) lib/active_support/callbacks.rb:118:in `block in run_callbacks'
activesupport (8.0.1) lib/active_support/callbacks.rb:140:in `run_callbacks'
actionpack (8.0.1) lib/abstract_controller/callbacks.rb:260:in `process_action'
actionpack (8.0.1) lib/action_controller/metal/rescue.rb:27:in `process_action'
actionpack (8.0.1) lib/action_controller/metal/instrumentation.rb:76:in `block in process_action'
activesupport (8.0.1) lib/active_support/notifications.rb:210:in `block in instrument'
activesupport (8.0.1) lib/active_support/notifications/instrumenter.rb:58:in `instrument'
activesupport (8.0.1) lib/active_support/notifications.rb:210:in `instrument'
actionpack (8.0.1) lib/action_controller/metal/instrumentation.rb:75:in `process_action'
actionpack (8.0.1) lib/action_controller/metal/params_wrapper.rb:259:in `process_action'
activerecord (8.0.1) lib/active_record/railties/controller_runtime.rb:39:in `process_action'
actionpack (8.0.1) lib/abstract_controller/base.rb:163:in `process'
actionview (8.0.1) lib/action_view/rendering.rb:40:in `process'
actionpack (8.0.1) lib/action_controller/metal.rb:252:in `dispatch'
actionpack (8.0.1) lib/action_controller/metal.rb:335:in `dispatch'
actionpack (8.0.1) lib/action_dispatch/routing/route_set.rb:67:in `dispatch'
actionpack (8.0.1) lib/action_dispatch/routing/route_set.rb:50:in `serve'
actionpack (8.0.1) lib/action_dispatch/journey/router.rb:53:in `block in serve'
actionpack (8.0.1) lib/action_dispatch/journey/router.rb:133:in `block in find_routes'
actionpack (8.0.1) lib/action_dispatch/journey/router.rb:126:in `each'
actionpack (8.0.1) lib/action_dispatch/journey/router.rb:126:in `find_routes'
actionpack (8.0.1) lib/action_dispatch/journey/router.rb:34:in `serve'
actionpack (8.0.1) lib/action_dispatch/routing/route_set.rb:908:in `call'
railties (8.0.1) lib/rails/engine/lazy_route_set.rb:68:in `call'
rack (3.1.11) lib/rack/tempfile_reaper.rb:20:in `call'
rack (3.1.11) lib/rack/etag.rb:29:in `call'
rack (3.1.11) lib/rack/conditional_get.rb:43:in `call'
rack (3.1.11) lib/rack/head.rb:15:in `call'
actionpack (8.0.1) lib/action_dispatch/http/permissions_policy.rb:38:in `call'
actionpack (8.0.1) lib/action_dispatch/http/content_security_policy.rb:38:in `call'
rack-session (2.1.0) lib/rack/session/abstract/id.rb:274:in `context'
rack-session (2.1.0) lib/rack/session/abstract/id.rb:268:in `call'
actionpack (8.0.1) lib/action_dispatch/middleware/cookies.rb:706:in `call'
activerecord (8.0.1) lib/active_record/migration.rb:671:in `call'
actionpack (8.0.1) lib/action_dispatch/middleware/callbacks.rb:31:in `block in call'
activesupport (8.0.1) lib/active_support/callbacks.rb:100:in `run_callbacks'
actionpack (8.0.1) lib/action_dispatch/middleware/callbacks.rb:30:in `call'
actionpack (8.0.1) lib/action_dispatch/middleware/executor.rb:16:in `call'
actionpack (8.0.1) lib/action_dispatch/middleware/actionable_exceptions.rb:18:in `call'
actionpack (8.0.1) lib/action_dispatch/middleware/debug_exceptions.rb:31:in `call'
web-console (4.2.1) lib/web_console/middleware.rb:132:in `call_app'
web-console (4.2.1) lib/web_console/middleware.rb:28:in `block in call'
web-console (4.2.1) lib/web_console/middleware.rb:17:in `catch'
web-console (4.2.1) lib/web_console/middleware.rb:17:in `call'
actionpack (8.0.1) lib/action_dispatch/middleware/show_exceptions.rb:32:in `call'
railties (8.0.1) lib/rails/rack/logger.rb:41:in `call_app'
railties (8.0.1) lib/rails/rack/logger.rb:29:in `call'
actionpack (8.0.1) lib/action_dispatch/middleware/remote_ip.rb:96:in `call'
actionpack (8.0.1) lib/action_dispatch/middleware/request_id.rb:34:in `call'
rack (3.1.11) lib/rack/method_override.rb:28:in `call'
rack (3.1.11) lib/rack/runtime.rb:24:in `call'
actionpack (8.0.1) lib/action_dispatch/middleware/server_timing.rb:61:in `block in call'
actionpack (8.0.1) lib/action_dispatch/middleware/server_timing.rb:26:in `collect_events'
actionpack (8.0.1) lib/action_dispatch/middleware/server_timing.rb:60:in `call'
actionpack (8.0.1) lib/action_dispatch/middleware/executor.rb:16:in `call'
actionpack (8.0.1) lib/action_dispatch/middleware/static.rb:27:in `call'
rack (3.1.11) lib/rack/sendfile.rb:114:in `call'
actionpack (8.0.1) lib/action_dispatch/middleware/host_authorization.rb:143:in `call'
railties (8.0.1) lib/rails/engine.rb:535:in `call'
puma (6.6.0) lib/puma/configuration.rb:279:in `call'
puma (6.6.0) lib/puma/request.rb:99:in `block in handle_request'
puma (6.6.0) lib/puma/thread_pool.rb:390:in `with_force_shutdown'
puma (6.6.0) lib/puma/request.rb:98:in `handle_request'
puma (6.6.0) lib/puma/server.rb:472:in `process_client'
puma (6.6.0) lib/puma/server.rb:254:in `block in run'
puma (6.6.0) lib/puma/thread_pool.rb:167:in `block in spawn_thread'
Started POST "/api/v1/posts" for 127.0.0.1 at 2025-03-10 22:28:47 +0900
Processing by Api::V1::PostsController#create as */*
  Parameters: {"title"=>"初めての投稿です。", "content"=>"初めての投稿です。", "post"=>{"title"=>"初めての投稿です。", "content"=>"初めての投稿です。"}}
Can't verify CSRF token authenticity.
Completed 422 Unprocessable Content in 1ms (ActiveRecord: 0.0ms (0 queries, 0 cached) | GC: 0.0ms)


  
ActionController::InvalidAuthenticityToken (Can't verify CSRF token authenticity.):
  
actionpack (8.0.1) lib/action_controller/metal/request_forgery_protection.rb:312:in `handle_unverified_request'
actionpack (8.0.1) lib/action_controller/metal/request_forgery_protection.rb:406:in `handle_unverified_request'
actionpack (8.0.1) lib/action_controller/metal/request_forgery_protection.rb:395:in `verify_authenticity_token'
activesupport (8.0.1) lib/active_support/callbacks.rb:361:in `block in make_lambda'
activesupport (8.0.1) lib/active_support/callbacks.rb:178:in `block in call'
actionpack (8.0.1) lib/abstract_controller/callbacks.rb:34:in `block (2 levels) in <module:Callbacks>'
activesupport (8.0.1) lib/active_support/callbacks.rb:179:in `call'
activesupport (8.0.1) lib/active_support/callbacks.rb:558:in `block in invoke_before'
activesupport (8.0.1) lib/active_support/callbacks.rb:558:in `each'
activesupport (8.0.1) lib/active_support/callbacks.rb:558:in `invoke_before'
activesupport (8.0.1) lib/active_support/callbacks.rb:118:in `block in run_callbacks'
activesupport (8.0.1) lib/active_support/callbacks.rb:140:in `run_callbacks'
actionpack (8.0.1) lib/abstract_controller/callbacks.rb:260:in `process_action'
actionpack (8.0.1) lib/action_controller/metal/rescue.rb:27:in `process_action'
actionpack (8.0.1) lib/action_controller/metal/instrumentation.rb:76:in `block in process_action'
activesupport (8.0.1) lib/active_support/notifications.rb:210:in `block in instrument'
activesupport (8.0.1) lib/active_support/notifications/instrumenter.rb:58:in `instrument'
activesupport (8.0.1) lib/active_support/notifications.rb:210:in `instrument'
actionpack (8.0.1) lib/action_controller/metal/instrumentation.rb:75:in `process_action'
actionpack (8.0.1) lib/action_controller/metal/params_wrapper.rb:259:in `process_action'
activerecord (8.0.1) lib/active_record/railties/controller_runtime.rb:39:in `process_action'
actionpack (8.0.1) lib/abstract_controller/base.rb:163:in `process'
actionview (8.0.1) lib/action_view/rendering.rb:40:in `process'
actionpack (8.0.1) lib/action_controller/metal.rb:252:in `dispatch'
actionpack (8.0.1) lib/action_controller/metal.rb:335:in `dispatch'
actionpack (8.0.1) lib/action_dispatch/routing/route_set.rb:67:in `dispatch'
actionpack (8.0.1) lib/action_dispatch/routing/route_set.rb:50:in `serve'
actionpack (8.0.1) lib/action_dispatch/journey/router.rb:53:in `block in serve'
actionpack (8.0.1) lib/action_dispatch/journey/router.rb:133:in `block in find_routes'
actionpack (8.0.1) lib/action_dispatch/journey/router.rb:126:in `each'
actionpack (8.0.1) lib/action_dispatch/journey/router.rb:126:in `find_routes'
actionpack (8.0.1) lib/action_dispatch/journey/router.rb:34:in `serve'
actionpack (8.0.1) lib/action_dispatch/routing/route_set.rb:908:in `call'
railties (8.0.1) lib/rails/engine/lazy_route_set.rb:68:in `call'
rack (3.1.11) lib/rack/tempfile_reaper.rb:20:in `call'
rack (3.1.11) lib/rack/etag.rb:29:in `call'
rack (3.1.11) lib/rack/conditional_get.rb:43:in `call'
rack (3.1.11) lib/rack/head.rb:15:in `call'
actionpack (8.0.1) lib/action_dispatch/http/permissions_policy.rb:38:in `call'
actionpack (8.0.1) lib/action_dispatch/http/content_security_policy.rb:38:in `call'
rack-session (2.1.0) lib/rack/session/abstract/id.rb:274:in `context'
rack-session (2.1.0) lib/rack/session/abstract/id.rb:268:in `call'
actionpack (8.0.1) lib/action_dispatch/middleware/cookies.rb:706:in `call'
activerecord (8.0.1) lib/active_record/migration.rb:671:in `call'
actionpack (8.0.1) lib/action_dispatch/middleware/callbacks.rb:31:in `block in call'
activesupport (8.0.1) lib/active_support/callbacks.rb:100:in `run_callbacks'
actionpack (8.0.1) lib/action_dispatch/middleware/callbacks.rb:30:in `call'
actionpack (8.0.1) lib/action_dispatch/middleware/executor.rb:16:in `call'
actionpack (8.0.1) lib/action_dispatch/middleware/actionable_exceptions.rb:18:in `call'
actionpack (8.0.1) lib/action_dispatch/middleware/debug_exceptions.rb:31:in `call'
web-console (4.2.1) lib/web_console/middleware.rb:132:in `call_app'
web-console (4.2.1) lib/web_console/middleware.rb:28:in `block in call'
web-console (4.2.1) lib/web_console/middleware.rb:17:in `catch'
web-console (4.2.1) lib/web_console/middleware.rb:17:in `call'
actionpack (8.0.1) lib/action_dispatch/middleware/show_exceptions.rb:32:in `call'
railties (8.0.1) lib/rails/rack/logger.rb:41:in `call_app'
railties (8.0.1) lib/rails/rack/logger.rb:29:in `call'
actionpack (8.0.1) lib/action_dispatch/middleware/remote_ip.rb:96:in `call'
actionpack (8.0.1) lib/action_dispatch/middleware/request_id.rb:34:in `call'
rack (3.1.11) lib/rack/method_override.rb:28:in `call'
rack (3.1.11) lib/rack/runtime.rb:24:in `call'
actionpack (8.0.1) lib/action_dispatch/middleware/server_timing.rb:61:in `block in call'
actionpack (8.0.1) lib/action_dispatch/middleware/server_timing.rb:26:in `collect_events'
actionpack (8.0.1) lib/action_dispatch/middleware/server_timing.rb:60:in `call'
actionpack (8.0.1) lib/action_dispatch/middleware/executor.rb:16:in `call'
actionpack (8.0.1) lib/action_dispatch/middleware/static.rb:27:in `call'
rack (3.1.11) lib/rack/sendfile.rb:114:in `call'
actionpack (8.0.1) lib/action_dispatch/middleware/host_authorization.rb:143:in `call'
railties (8.0.1) lib/rails/engine.rb:535:in `call'
puma (6.6.0) lib/puma/configuration.rb:279:in `call'
puma (6.6.0) lib/puma/request.rb:99:in `block in handle_request'
puma (6.6.0) lib/puma/thread_pool.rb:390:in `with_force_shutdown'
puma (6.6.0) lib/puma/request.rb:98:in `handle_request'
puma (6.6.0) lib/puma/server.rb:472:in `process_client'
puma (6.6.0) lib/puma/server.rb:254:in `block in run'
puma (6.6.0) lib/puma/thread_pool.rb:167:in `block in spawn_thread'
Started POST "/api/v1/posts" for 127.0.0.1 at 2025-03-10 22:49:15 +0900
Processing by Api::V1::PostsController#create as */*
  Parameters: {"title"=>"初めての投稿です。", "content"=>"初めての投稿です。", "post"=>{"title"=>"初めての投稿です。", "content"=>"初めての投稿です。"}}
Can't verify CSRF token authenticity.
Completed 422 Unprocessable Content in 2ms (ActiveRecord: 0.0ms (0 queries, 0 cached) | GC: 0.0ms)


  
ActionController::InvalidAuthenticityToken (Can't verify CSRF token authenticity.):
  
actionpack (8.0.1) lib/action_controller/metal/request_forgery_protection.rb:312:in `handle_unverified_request'
actionpack (8.0.1) lib/action_controller/metal/request_forgery_protection.rb:406:in `handle_unverified_request'
actionpack (8.0.1) lib/action_controller/metal/request_forgery_protection.rb:395:in `verify_authenticity_token'
activesupport (8.0.1) lib/active_support/callbacks.rb:361:in `block in make_lambda'
activesupport (8.0.1) lib/active_support/callbacks.rb:178:in `block in call'
actionpack (8.0.1) lib/abstract_controller/callbacks.rb:34:in `block (2 levels) in <module:Callbacks>'
activesupport (8.0.1) lib/active_support/callbacks.rb:179:in `call'
activesupport (8.0.1) lib/active_support/callbacks.rb:558:in `block in invoke_before'
activesupport (8.0.1) lib/active_support/callbacks.rb:558:in `each'
activesupport (8.0.1) lib/active_support/callbacks.rb:558:in `invoke_before'
activesupport (8.0.1) lib/active_support/callbacks.rb:118:in `block in run_callbacks'
activesupport (8.0.1) lib/active_support/callbacks.rb:140:in `run_callbacks'
actionpack (8.0.1) lib/abstract_controller/callbacks.rb:260:in `process_action'
actionpack (8.0.1) lib/action_controller/metal/rescue.rb:27:in `process_action'
actionpack (8.0.1) lib/action_controller/metal/instrumentation.rb:76:in `block in process_action'
activesupport (8.0.1) lib/active_support/notifications.rb:210:in `block in instrument'
activesupport (8.0.1) lib/active_support/notifications/instrumenter.rb:58:in `instrument'
activesupport (8.0.1) lib/active_support/notifications.rb:210:in `instrument'
actionpack (8.0.1) lib/action_controller/metal/instrumentation.rb:75:in `process_action'
actionpack (8.0.1) lib/action_controller/metal/params_wrapper.rb:259:in `process_action'
activerecord (8.0.1) lib/active_record/railties/controller_runtime.rb:39:in `process_action'
actionpack (8.0.1) lib/abstract_controller/base.rb:163:in `process'
actionview (8.0.1) lib/action_view/rendering.rb:40:in `process'
actionpack (8.0.1) lib/action_controller/metal.rb:252:in `dispatch'
actionpack (8.0.1) lib/action_controller/metal.rb:335:in `dispatch'
actionpack (8.0.1) lib/action_dispatch/routing/route_set.rb:67:in `dispatch'
actionpack (8.0.1) lib/action_dispatch/routing/route_set.rb:50:in `serve'
actionpack (8.0.1) lib/action_dispatch/journey/router.rb:53:in `block in serve'
actionpack (8.0.1) lib/action_dispatch/journey/router.rb:133:in `block in find_routes'
actionpack (8.0.1) lib/action_dispatch/journey/router.rb:126:in `each'
actionpack (8.0.1) lib/action_dispatch/journey/router.rb:126:in `find_routes'
actionpack (8.0.1) lib/action_dispatch/journey/router.rb:34:in `serve'
actionpack (8.0.1) lib/action_dispatch/routing/route_set.rb:908:in `call'
railties (8.0.1) lib/rails/engine/lazy_route_set.rb:68:in `call'
rack (3.1.11) lib/rack/tempfile_reaper.rb:20:in `call'
rack (3.1.11) lib/rack/etag.rb:29:in `call'
rack (3.1.11) lib/rack/conditional_get.rb:43:in `call'
rack (3.1.11) lib/rack/head.rb:15:in `call'
actionpack (8.0.1) lib/action_dispatch/http/permissions_policy.rb:38:in `call'
actionpack (8.0.1) lib/action_dispatch/http/content_security_policy.rb:38:in `call'
rack-session (2.1.0) lib/rack/session/abstract/id.rb:274:in `context'
rack-session (2.1.0) lib/rack/session/abstract/id.rb:268:in `call'
actionpack (8.0.1) lib/action_dispatch/middleware/cookies.rb:706:in `call'
activerecord (8.0.1) lib/active_record/migration.rb:671:in `call'
actionpack (8.0.1) lib/action_dispatch/middleware/callbacks.rb:31:in `block in call'
activesupport (8.0.1) lib/active_support/callbacks.rb:100:in `run_callbacks'
actionpack (8.0.1) lib/action_dispatch/middleware/callbacks.rb:30:in `call'
actionpack (8.0.1) lib/action_dispatch/middleware/executor.rb:16:in `call'
actionpack (8.0.1) lib/action_dispatch/middleware/actionable_exceptions.rb:18:in `call'
actionpack (8.0.1) lib/action_dispatch/middleware/debug_exceptions.rb:31:in `call'
web-console (4.2.1) lib/web_console/middleware.rb:132:in `call_app'
web-console (4.2.1) lib/web_console/middleware.rb:28:in `block in call'
web-console (4.2.1) lib/web_console/middleware.rb:17:in `catch'
web-console (4.2.1) lib/web_console/middleware.rb:17:in `call'
actionpack (8.0.1) lib/action_dispatch/middleware/show_exceptions.rb:32:in `call'
railties (8.0.1) lib/rails/rack/logger.rb:41:in `call_app'
railties (8.0.1) lib/rails/rack/logger.rb:29:in `call'
actionpack (8.0.1) lib/action_dispatch/middleware/remote_ip.rb:96:in `call'
actionpack (8.0.1) lib/action_dispatch/middleware/request_id.rb:34:in `call'
rack (3.1.11) lib/rack/method_override.rb:28:in `call'
rack (3.1.11) lib/rack/runtime.rb:24:in `call'
actionpack (8.0.1) lib/action_dispatch/middleware/server_timing.rb:61:in `block in call'
actionpack (8.0.1) lib/action_dispatch/middleware/server_timing.rb:26:in `collect_events'
actionpack (8.0.1) lib/action_dispatch/middleware/server_timing.rb:60:in `call'
actionpack (8.0.1) lib/action_dispatch/middleware/executor.rb:16:in `call'
actionpack (8.0.1) lib/action_dispatch/middleware/static.rb:27:in `call'
rack (3.1.11) lib/rack/sendfile.rb:114:in `call'
actionpack (8.0.1) lib/action_dispatch/middleware/host_authorization.rb:143:in `call'
railties (8.0.1) lib/rails/engine.rb:535:in `call'
puma (6.6.0) lib/puma/configuration.rb:279:in `call'
puma (6.6.0) lib/puma/request.rb:99:in `block in handle_request'
puma (6.6.0) lib/puma/thread_pool.rb:390:in `with_force_shutdown'
puma (6.6.0) lib/puma/request.rb:98:in `handle_request'
puma (6.6.0) lib/puma/server.rb:472:in `process_client'
puma (6.6.0) lib/puma/server.rb:254:in `block in run'
puma (6.6.0) lib/puma/thread_pool.rb:167:in `block in spawn_thread'
Started POST "/api/v1/posts" for 127.0.0.1 at 2025-03-10 22:51:30 +0900
Processing by Api::V1::PostsController#create as */*
  Parameters: {"title"=>"初めての投稿です。", "content"=>"初めての投稿です。", "post"=>{"title"=>"初めての投稿です。", "content"=>"初めての投稿です。"}}
Can't verify CSRF token authenticity.
Completed 422 Unprocessable Content in 1ms (ActiveRecord: 0.0ms (0 queries, 0 cached) | GC: 0.0ms)


  
ActionController::InvalidAuthenticityToken (Can't verify CSRF token authenticity.):
  
actionpack (8.0.1) lib/action_controller/metal/request_forgery_protection.rb:312:in `handle_unverified_request'
actionpack (8.0.1) lib/action_controller/metal/request_forgery_protection.rb:406:in `handle_unverified_request'
actionpack (8.0.1) lib/action_controller/metal/request_forgery_protection.rb:395:in `verify_authenticity_token'
activesupport (8.0.1) lib/active_support/callbacks.rb:361:in `block in make_lambda'
activesupport (8.0.1) lib/active_support/callbacks.rb:178:in `block in call'
actionpack (8.0.1) lib/abstract_controller/callbacks.rb:34:in `block (2 levels) in <module:Callbacks>'
activesupport (8.0.1) lib/active_support/callbacks.rb:179:in `call'
activesupport (8.0.1) lib/active_support/callbacks.rb:558:in `block in invoke_before'
activesupport (8.0.1) lib/active_support/callbacks.rb:558:in `each'
activesupport (8.0.1) lib/active_support/callbacks.rb:558:in `invoke_before'
activesupport (8.0.1) lib/active_support/callbacks.rb:118:in `block in run_callbacks'
activesupport (8.0.1) lib/active_support/callbacks.rb:140:in `run_callbacks'
actionpack (8.0.1) lib/abstract_controller/callbacks.rb:260:in `process_action'
actionpack (8.0.1) lib/action_controller/metal/rescue.rb:27:in `process_action'
actionpack (8.0.1) lib/action_controller/metal/instrumentation.rb:76:in `block in process_action'
activesupport (8.0.1) lib/active_support/notifications.rb:210:in `block in instrument'
activesupport (8.0.1) lib/active_support/notifications/instrumenter.rb:58:in `instrument'
activesupport (8.0.1) lib/active_support/notifications.rb:210:in `instrument'
actionpack (8.0.1) lib/action_controller/metal/instrumentation.rb:75:in `process_action'
actionpack (8.0.1) lib/action_controller/metal/params_wrapper.rb:259:in `process_action'
activerecord (8.0.1) lib/active_record/railties/controller_runtime.rb:39:in `process_action'
actionpack (8.0.1) lib/abstract_controller/base.rb:163:in `process'
actionview (8.0.1) lib/action_view/rendering.rb:40:in `process'
actionpack (8.0.1) lib/action_controller/metal.rb:252:in `dispatch'
actionpack (8.0.1) lib/action_controller/metal.rb:335:in `dispatch'
actionpack (8.0.1) lib/action_dispatch/routing/route_set.rb:67:in `dispatch'
actionpack (8.0.1) lib/action_dispatch/routing/route_set.rb:50:in `serve'
actionpack (8.0.1) lib/action_dispatch/journey/router.rb:53:in `block in serve'
actionpack (8.0.1) lib/action_dispatch/journey/router.rb:133:in `block in find_routes'
actionpack (8.0.1) lib/action_dispatch/journey/router.rb:126:in `each'
actionpack (8.0.1) lib/action_dispatch/journey/router.rb:126:in `find_routes'
actionpack (8.0.1) lib/action_dispatch/journey/router.rb:34:in `serve'
actionpack (8.0.1) lib/action_dispatch/routing/route_set.rb:908:in `call'
railties (8.0.1) lib/rails/engine/lazy_route_set.rb:68:in `call'
rack (3.1.11) lib/rack/tempfile_reaper.rb:20:in `call'
rack (3.1.11) lib/rack/etag.rb:29:in `call'
rack (3.1.11) lib/rack/conditional_get.rb:43:in `call'
rack (3.1.11) lib/rack/head.rb:15:in `call'
actionpack (8.0.1) lib/action_dispatch/http/permissions_policy.rb:38:in `call'
actionpack (8.0.1) lib/action_dispatch/http/content_security_policy.rb:38:in `call'
rack-session (2.1.0) lib/rack/session/abstract/id.rb:274:in `context'
rack-session (2.1.0) lib/rack/session/abstract/id.rb:268:in `call'
actionpack (8.0.1) lib/action_dispatch/middleware/cookies.rb:706:in `call'
activerecord (8.0.1) lib/active_record/migration.rb:671:in `call'
actionpack (8.0.1) lib/action_dispatch/middleware/callbacks.rb:31:in `block in call'
activesupport (8.0.1) lib/active_support/callbacks.rb:100:in `run_callbacks'
actionpack (8.0.1) lib/action_dispatch/middleware/callbacks.rb:30:in `call'
actionpack (8.0.1) lib/action_dispatch/middleware/executor.rb:16:in `call'
actionpack (8.0.1) lib/action_dispatch/middleware/actionable_exceptions.rb:18:in `call'
actionpack (8.0.1) lib/action_dispatch/middleware/debug_exceptions.rb:31:in `call'
web-console (4.2.1) lib/web_console/middleware.rb:132:in `call_app'
web-console (4.2.1) lib/web_console/middleware.rb:28:in `block in call'
web-console (4.2.1) lib/web_console/middleware.rb:17:in `catch'
web-console (4.2.1) lib/web_console/middleware.rb:17:in `call'
actionpack (8.0.1) lib/action_dispatch/middleware/show_exceptions.rb:32:in `call'
railties (8.0.1) lib/rails/rack/logger.rb:41:in `call_app'
railties (8.0.1) lib/rails/rack/logger.rb:29:in `call'
actionpack (8.0.1) lib/action_dispatch/middleware/remote_ip.rb:96:in `call'
actionpack (8.0.1) lib/action_dispatch/middleware/request_id.rb:34:in `call'
rack (3.1.11) lib/rack/method_override.rb:28:in `call'
rack (3.1.11) lib/rack/runtime.rb:24:in `call'
actionpack (8.0.1) lib/action_dispatch/middleware/server_timing.rb:61:in `block in call'
actionpack (8.0.1) lib/action_dispatch/middleware/server_timing.rb:26:in `collect_events'
actionpack (8.0.1) lib/action_dispatch/middleware/server_timing.rb:60:in `call'
actionpack (8.0.1) lib/action_dispatch/middleware/executor.rb:16:in `call'
actionpack (8.0.1) lib/action_dispatch/middleware/static.rb:27:in `call'
rack (3.1.11) lib/rack/sendfile.rb:114:in `call'
actionpack (8.0.1) lib/action_dispatch/middleware/host_authorization.rb:143:in `call'
railties (8.0.1) lib/rails/engine.rb:535:in `call'
puma (6.6.0) lib/puma/configuration.rb:279:in `call'
puma (6.6.0) lib/puma/request.rb:99:in `block in handle_request'
puma (6.6.0) lib/puma/thread_pool.rb:390:in `with_force_shutdown'
puma (6.6.0) lib/puma/request.rb:98:in `handle_request'
puma (6.6.0) lib/puma/server.rb:472:in `process_client'
puma (6.6.0) lib/puma/server.rb:254:in `block in run'
puma (6.6.0) lib/puma/thread_pool.rb:167:in `block in spawn_thread'
Started POST "/api/v1/posts" for 127.0.0.1 at 2025-03-10 22:55:23 +0900
  
NameError (undefined local variable or method `null_session' for class Api::V1::PostsController):
  
app/controllers/api/v1/posts_controller.rb:2:in `<class:PostsController>'
app/controllers/api/v1/posts_controller.rb:1:in `<main>'
Started POST "/api/v1/posts" for 127.0.0.1 at 2025-03-10 22:56:27 +0900
Processing by Api::V1::PostsController#create as */*
  Parameters: {"title"=>"初めての投稿です。", "content"=>"初めての投稿です。", "post"=>{"title"=>"初めての投稿です。", "content"=>"初めての投稿です。"}}
Can't verify CSRF token authenticity.
  [1m[36mTRANSACTION (0.1ms)[0m  [1m[35mBEGIN immediate TRANSACTION /*action='create',application='BlogApi',controller='posts'*/[0m
  ↳ app/controllers/api/v1/posts_controller.rb:16:in `create'
  [1m[36mPost Create (7.9ms)[0m  [1m[32mINSERT INTO "posts" ("title", "content", "created_at", "updated_at") VALUES ('初めての投稿です。', '初めての投稿です。', '2025-03-10 13:56:28.526165', '2025-03-10 13:56:28.526165') RETURNING "id" /*action='create',application='BlogApi',controller='posts'*/[0m
  ↳ app/controllers/api/v1/posts_controller.rb:16:in `create'
  [1m[36mTRANSACTION (5.7ms)[0m  [1m[35mCOMMIT TRANSACTION /*action='create',application='BlogApi',controller='posts'*/[0m
  ↳ app/controllers/api/v1/posts_controller.rb:16:in `create'
Completed 201 Created in 1155ms (Views: 0.6ms | ActiveRecord: 17.0ms (1 query, 0 cached) | GC: 0.0ms)


  [1m[36mActiveRecord::SchemaMigration Load (0.5ms)[0m  [1m[34mSELECT "schema_migrations"."version" FROM "schema_migrations" ORDER BY "schema_migrations"."version" ASC /*application='BlogApi'*/[0m
Started POST "/api/v1/posts" for 127.0.0.1 at 2025-03-11 20:48:42 +0900
  [1m[36mActiveRecord::SchemaMigration Load (0.2ms)[0m  [1m[34mSELECT "schema_migrations"."version" FROM "schema_migrations" ORDER BY "schema_migrations"."version" ASC /*application='BlogApi'*/[0m
Processing by Api::V1::PostsController#create as */*
  Parameters: {"title"=>"初めての投稿です。", "content"=>"初めての投稿です。", "post"=>{"title"=>"初めての投稿です。", "content"=>"初めての投稿です。"}}
Can't verify CSRF token authenticity.
  [1m[36mTRANSACTION (0.1ms)[0m  [1m[35mBEGIN immediate TRANSACTION /*action='create',application='BlogApi',controller='posts'*/[0m
  ↳ app/controllers/api/v1/posts_controller.rb:16:in `create'
  [1m[36mPost Create (4.8ms)[0m  [1m[32mINSERT INTO "posts" ("title", "content", "created_at", "updated_at") VALUES ('初めての投稿です。', '初めての投稿です。', '2025-03-11 11:48:45.450340', '2025-03-11 11:48:45.450340') RETURNING "id" /*action='create',application='BlogApi',controller='posts'*/[0m
  ↳ app/controllers/api/v1/posts_controller.rb:16:in `create'
  [1m[36mTRANSACTION (19.8ms)[0m  [1m[35mCOMMIT TRANSACTION /*action='create',application='BlogApi',controller='posts'*/[0m
  ↳ app/controllers/api/v1/posts_controller.rb:16:in `create'
Completed 201 Created in 1156ms (Views: 0.8ms | ActiveRecord: 28.5ms (1 query, 0 cached) | GC: 0.0ms)


Started GET "/api/v1/posts" for 127.0.0.1 at 2025-03-11 20:48:50 +0900
Processing by Api::V1::PostsController#index as */*
  Parameters: {"title"=>"初めての投稿です。", "content"=>"初めての投稿です。", "post"=>{"title"=>"初めての投稿です。", "content"=>"初めての投稿です。"}}
  [1m[36mPost Load (0.2ms)[0m  [1m[34mSELECT "posts".* FROM "posts" /*action='index',application='BlogApi',controller='posts'*/[0m
  ↳ app/controllers/api/v1/posts_controller.rb:5:in `index'
Completed 200 OK in 592ms (Views: 5.2ms | ActiveRecord: 0.2ms (1 query, 0 cached) | GC: 0.0ms)


Started GET "/api/v1/posts/2" for 127.0.0.1 at 2025-03-11 20:54:19 +0900
Processing by Api::V1::PostsController#show as */*
  Parameters: {"title"=>"初めての投稿です。修正", "content"=>"初めての投稿です。修正", "id"=>"2", "post"=>{"title"=>"初めての投稿です。修正", "content"=>"初めての投稿です。修正"}}
  [1m[36mPost Load (0.2ms)[0m  [1m[34mSELECT "posts".* FROM "posts" WHERE "posts"."id" = 2 LIMIT 1 /*action='show',application='BlogApi',controller='posts'*/[0m
  ↳ app/controllers/api/v1/posts_controller.rb:9:in `show'
Completed 200 OK in 498ms (Views: 0.8ms | ActiveRecord: 2.7ms (1 query, 0 cached) | GC: 0.0ms)


Started POST "/api/v1/posts/2" for 127.0.0.1 at 2025-03-11 20:54:31 +0900
  
ActionController::RoutingError (No route matches [POST] "/api/v1/posts/2"):
  
Started POST "/api/v1/posts/2" for 127.0.0.1 at 2025-03-11 20:55:34 +0900
  
ActionController::RoutingError (No route matches [POST] "/api/v1/posts/2"):
  
Started PUT "/api/v1/posts/2" for 127.0.0.1 at 2025-03-11 20:57:02 +0900
Processing by Api::V1::PostsController#update as */*
  Parameters: {"title"=>"初めての投稿です。修正", "content"=>"初めての投稿です。修正", "id"=>"2", "post"=>{"title"=>"初めての投稿です。修正", "content"=>"初めての投稿です。修正"}}
Can't verify CSRF token authenticity.
  [1m[36mPost Load (0.1ms)[0m  [1m[34mSELECT "posts".* FROM "posts" WHERE "posts"."id" = 2 LIMIT 1 /*action='update',application='BlogApi',controller='posts'*/[0m
  ↳ app/controllers/api/v1/posts_controller.rb:24:in `update'
  [1m[36mTRANSACTION (0.1ms)[0m  [1m[35mBEGIN immediate TRANSACTION /*action='update',application='BlogApi',controller='posts'*/[0m
  ↳ app/controllers/api/v1/posts_controller.rb:25:in `update'
  [1m[36mPost Update (4.2ms)[0m  [1m[33mUPDATE "posts" SET "title" = '初めての投稿です。修正', "content" = '初めての投稿です。修正', "updated_at" = '2025-03-11 11:57:03.306679' WHERE "posts"."id" = 2 /*action='update',application='BlogApi',controller='posts'*/[0m
  ↳ app/controllers/api/v1/posts_controller.rb:25:in `update'
  [1m[36mTRANSACTION (5.2ms)[0m  [1m[35mCOMMIT TRANSACTION /*action='update',application='BlogApi',controller='posts'*/[0m
  ↳ app/controllers/api/v1/posts_controller.rb:25:in `update'
Completed 200 OK in 521ms (Views: 0.9ms | ActiveRecord: 12.0ms (2 queries, 0 cached) | GC: 0.0ms)


Started DELETE "/api/v1/posts/2" for 127.0.0.1 at 2025-03-11 20:57:54 +0900
Processing by Api::V1::PostsController#destroy as */*
  Parameters: {"title"=>"初めての投稿です。修正", "content"=>"初めての投稿です。修正", "id"=>"2", "post"=>{"title"=>"初めての投稿です。修正", "content"=>"初めての投稿です。修正"}}
Can't verify CSRF token authenticity.
  [1m[36mPost Load (0.2ms)[0m  [1m[34mSELECT "posts".* FROM "posts" WHERE "posts"."id" = 2 LIMIT 1 /*action='destroy',application='BlogApi',controller='posts'*/[0m
  ↳ app/controllers/api/v1/posts_controller.rb:33:in `destroy'
  [1m[36mTRANSACTION (0.1ms)[0m  [1m[35mBEGIN immediate TRANSACTION /*action='destroy',application='BlogApi',controller='posts'*/[0m
  ↳ app/controllers/api/v1/posts_controller.rb:34:in `destroy'
  [1m[36mPost Destroy (3.4ms)[0m  [1m[31mDELETE FROM "posts" WHERE "posts"."id" = 2 /*action='destroy',application='BlogApi',controller='posts'*/[0m
  ↳ app/controllers/api/v1/posts_controller.rb:34:in `destroy'
  [1m[36mTRANSACTION (4.7ms)[0m  [1m[35mCOMMIT TRANSACTION /*action='destroy',application='BlogApi',controller='posts'*/[0m
  ↳ app/controllers/api/v1/posts_controller.rb:34:in `destroy'
  Rendering layout layouts/application.html.erb
  Rendering api/v1/posts/destroy.html.erb within layouts/application
  Rendered api/v1/posts/destroy.html.erb within layouts/application (Duration: 1.2ms | GC: 0.0ms)
  Rendered layout layouts/application.html.erb (Duration: 21.9ms | GC: 0.0ms)
Completed 200 OK in 570ms (Views: 62.4ms | ActiveRecord: 11.0ms (2 queries, 0 cached) | GC: 0.0ms)


Started GET "/api/v1/posts/" for 127.0.0.1 at 2025-03-11 20:58:01 +0900
Processing by Api::V1::PostsController#index as */*
  Parameters: {"title"=>"初めての投稿です。修正", "content"=>"初めての投稿です。修正", "post"=>{"title"=>"初めての投稿です。修正", "content"=>"初めての投稿です。修正"}}
  [1m[36mPost Load (0.1ms)[0m  [1m[34mSELECT "posts".* FROM "posts" /*action='index',application='BlogApi',controller='posts'*/[0m
  ↳ app/controllers/api/v1/posts_controller.rb:5:in `index'
Completed 200 OK in 469ms (Views: 4.4ms | ActiveRecord: 0.1ms (1 query, 0 cached) | GC: 0.0ms)


Started GET "/" for 127.0.0.1 at 2025-03-11 21:40:40 +0900
Processing by Rails::WelcomeController#index as HTML
  Rendering c:/Ruby33-x64/lib/ruby/gems/3.3.0/gems/railties-8.0.1/lib/rails/templates/rails/welcome/index.html.erb
  Rendered c:/Ruby33-x64/lib/ruby/gems/3.3.0/gems/railties-8.0.1/lib/rails/templates/rails/welcome/index.html.erb (Duration: 1.5ms | GC: 0.0ms)
Completed 200 OK in 490ms (Views: 3.4ms | ActiveRecord: 0.0ms (0 queries, 0 cached) | GC: 0.0ms)


Started GET "/" for ::1 at 2025-03-11 21:40:50 +0900
Processing by Rails::WelcomeController#index as HTML
  Rendering c:/Ruby33-x64/lib/ruby/gems/3.3.0/gems/railties-8.0.1/lib/rails/templates/rails/welcome/index.html.erb
  Rendered c:/Ruby33-x64/lib/ruby/gems/3.3.0/gems/railties-8.0.1/lib/rails/templates/rails/welcome/index.html.erb (Duration: 1.0ms | GC: 0.0ms)
Completed 200 OK in 460ms (Views: 2.1ms | ActiveRecord: 0.0ms (0 queries, 0 cached) | GC: 0.0ms)


Started GET "/" for ::1 at 2025-03-11 21:44:45 +0900
Processing by Rails::WelcomeController#index as HTML
  Rendering c:/Ruby33-x64/lib/ruby/gems/3.3.0/gems/railties-8.0.1/lib/rails/templates/rails/welcome/index.html.erb
  Rendered c:/Ruby33-x64/lib/ruby/gems/3.3.0/gems/railties-8.0.1/lib/rails/templates/rails/welcome/index.html.erb (Duration: 1.4ms | GC: 0.0ms)
Completed 200 OK in 571ms (Views: 3.1ms | ActiveRecord: 0.0ms (0 queries, 0 cached) | GC: 0.0ms)


Started GET "/" for ::1 at 2025-03-11 21:45:51 +0900
Processing by Api::V1::PostsController#index as HTML
  [1m[36mPost Load (2.5ms)[0m  [1m[34mSELECT "posts".* FROM "posts" /*action='index',application='BlogApi',controller='posts'*/[0m
  ↳ app/controllers/api/v1/posts_controller.rb:5:in `index'
Completed 200 OK in 488ms (Views: 6.8ms | ActiveRecord: 2.4ms (1 query, 0 cached) | GC: 0.0ms)


Started GET "/favicon.ico" for ::1 at 2025-03-11 21:45:51 +0900
  
ActionController::RoutingError (No route matches [GET] "/favicon.ico"):
  
Started GET "/index" for ::1 at 2025-03-11 21:58:46 +0900
  
ActionController::RoutingError (No route matches [GET] "/index"):
  
Started GET "/" for ::1 at 2025-03-11 22:00:56 +0900
Processing by Api::V1::PostsController#index as HTML
  [1m[36mPost Load (2.0ms)[0m  [1m[34mSELECT "posts".* FROM "posts" /*action='index',application='BlogApi',controller='posts'*/[0m
  ↳ app/controllers/api/v1/posts_controller.rb:5:in `index'
Completed 200 OK in 473ms (Views: 7.1ms | ActiveRecord: 2.0ms (1 query, 0 cached) | GC: 0.0ms)


Started GET "/" for ::1 at 2025-03-11 22:04:05 +0900
Processing by Api::V1::PostsController#index as HTML
  [1m[36mPost Load (1.9ms)[0m  [1m[34mSELECT "posts".* FROM "posts" /*action='index',application='BlogApi',controller='posts'*/[0m
  ↳ app/controllers/api/v1/posts_controller.rb:5:in `index'
Completed 200 OK in 519ms (Views: 10.4ms | ActiveRecord: 2.5ms (1 query, 0 cached) | GC: 0.0ms)


Started GET "/" for ::1 at 2025-03-11 22:05:47 +0900
Processing by Api::V1::PostsController#index as HTML
  [1m[36mPost Load (1.5ms)[0m  [1m[34mSELECT "posts".* FROM "posts" /*action='index',application='BlogApi',controller='posts'*/[0m
  ↳ app/controllers/api/v1/posts_controller.rb:5:in `index'
Completed 200 OK in 486ms (Views: 9.3ms | ActiveRecord: 1.9ms (1 query, 0 cached) | GC: 0.0ms)


Started GET "/" for ::1 at 2025-03-11 22:39:47 +0900
Processing by Api::V1::PostsController#index as HTML
  Rendering layout layouts/application.html.erb
  Rendering api/v1/posts/index.html.erb within layouts/application
  [1m[36mPost Load (2.8ms)[0m  [1m[34mSELECT "posts".* FROM "posts" /*action='index',application='BlogApi',controller='posts'*/[0m
  ↳ app/views/api/v1/posts/index.html.erb:20
  Rendered api/v1/posts/index.html.erb within layouts/application (Duration: 13.1ms | GC: 0.0ms)
  Rendered layout layouts/application.html.erb (Duration: 14.5ms | GC: 0.0ms)
Completed 500 Internal Server Error in 699ms (ActiveRecord: 2.7ms (1 query, 0 cached) | GC: 0.0ms)


  
ActionView::Template::Error (undefined method `edit_api_v1_post_path' for an instance of #<Class:0x0000025ec01b2580>)
Caused by: NoMethodError (undefined method `edit_api_v1_post_path' for an instance of #<Class:0x0000025ec01b2580>)

Information for: ActionView::Template::Error (undefined method `edit_api_v1_post_path' for an instance of #<Class:0x0000025ec01b2580>):
    22:         <td><%= post.title %></td>
    23:         <td><%= post.content%></td>
    24:         <td><%= link_to '詳細', api_v1_post_path(post) %></td>
    25:         <td><%= link_to '編集', edit_api_v1_post_path(post) %></td>
    26:         <td><%= link_to '削除', api_v1_post_path(post), method: :delete,data:{comfirm: '本当に削除しますか？'} %></td>
    27:     </tr>
    28:     <% end %>
  
app/views/api/v1/posts/index.html.erb:25
app/views/api/v1/posts/index.html.erb:20
app/controllers/api/v1/posts_controller.rb:5:in `index'

Information for cause: NoMethodError (undefined method `edit_api_v1_post_path' for an instance of #<Class:0x0000025ec01b2580>):
  
app/views/api/v1/posts/index.html.erb:25
app/views/api/v1/posts/index.html.erb:20
app/controllers/api/v1/posts_controller.rb:5:in `index'
Started GET "/" for 127.0.0.1 at 2025-03-11 22:44:13 +0900
Processing by Api::V1::PostsController#index as HTML
  Rendering layout layouts/application.html.erb
  Rendering api/v1/posts/index.html.erb within layouts/application
  [1m[36mPost Load (1.9ms)[0m  [1m[34mSELECT "posts".* FROM "posts" /*action='index',application='BlogApi',controller='posts'*/[0m
  ↳ app/views/api/v1/posts/index.html.erb:20
  Rendered api/v1/posts/index.html.erb within layouts/application (Duration: 11.5ms | GC: 0.0ms)
  Rendered layout layouts/application.html.erb (Duration: 12.8ms | GC: 0.0ms)
Completed 500 Internal Server Error in 576ms (ActiveRecord: 2.3ms (1 query, 0 cached) | GC: 0.0ms)


  
ActionView::Template::Error (undefined local variable or method `new_api_v1_post_path' for an instance of #<Class:0x0000025ec0458028>)
Caused by: NameError (undefined local variable or method `new_api_v1_post_path' for an instance of #<Class:0x0000025ec0458028>)

Information for: ActionView::Template::Error (undefined local variable or method `new_api_v1_post_path' for an instance of #<Class:0x0000025ec0458028>):
    30: 
    31: <br>
    32: 
    33: <%= link_to '新規投稿', new_api_v1_post_path %>
    34: </body>
    35: </html>
  
app/views/api/v1/posts/index.html.erb:33
app/controllers/api/v1/posts_controller.rb:5:in `index'

Information for cause: NameError (undefined local variable or method `new_api_v1_post_path' for an instance of #<Class:0x0000025ec0458028>):
  
app/views/api/v1/posts/index.html.erb:33
app/controllers/api/v1/posts_controller.rb:5:in `index'
Started GET "/favicon.ico" for 127.0.0.1 at 2025-03-11 22:44:15 +0900
  
ActionController::RoutingError (No route matches [GET] "/favicon.ico"):
  
Started GET "/" for 127.0.0.1 at 2025-03-11 22:45:06 +0900
Processing by Api::V1::PostsController#index as HTML
  Rendering layout layouts/application.html.erb
  Rendering api/v1/posts/index.html.erb within layouts/application
  [1m[36mPost Load (1.9ms)[0m  [1m[34mSELECT "posts".* FROM "posts" /*action='index',application='BlogApi',controller='posts'*/[0m
  ↳ app/views/api/v1/posts/index.html.erb:20
  Rendered api/v1/posts/index.html.erb within layouts/application (Duration: 16.9ms | GC: 0.0ms)
  Rendered layout layouts/application.html.erb (Duration: 21.1ms | GC: 0.0ms)
Completed 200 OK in 497ms (Views: 24.6ms | ActiveRecord: 2.4ms (1 query, 0 cached) | GC: 0.0ms)


Started GET "/assets/application-8b441ae0.css" for 127.0.0.1 at 2025-03-11 22:45:06 +0900
Started GET "/api/v1/posts/new" for 127.0.0.1 at 2025-03-11 22:45:16 +0900
  
AbstractController::ActionNotFound (The action 'new' could not be found for Api::V1::PostsController):
  
actionpack (8.0.1) lib/abstract_controller/base.rb:158:in `process'
actionview (8.0.1) lib/action_view/rendering.rb:40:in `process'
actionpack (8.0.1) lib/action_controller/metal.rb:252:in `dispatch'
actionpack (8.0.1) lib/action_controller/metal.rb:335:in `dispatch'
actionpack (8.0.1) lib/action_dispatch/routing/route_set.rb:67:in `dispatch'
actionpack (8.0.1) lib/action_dispatch/routing/route_set.rb:50:in `serve'
actionpack (8.0.1) lib/action_dispatch/journey/router.rb:53:in `block in serve'
actionpack (8.0.1) lib/action_dispatch/journey/router.rb:133:in `block in find_routes'
actionpack (8.0.1) lib/action_dispatch/journey/router.rb:126:in `each'
actionpack (8.0.1) lib/action_dispatch/journey/router.rb:126:in `find_routes'
actionpack (8.0.1) lib/action_dispatch/journey/router.rb:34:in `serve'
actionpack (8.0.1) lib/action_dispatch/routing/route_set.rb:908:in `call'
railties (8.0.1) lib/rails/engine/lazy_route_set.rb:68:in `call'
rack (3.1.11) lib/rack/tempfile_reaper.rb:20:in `call'
rack (3.1.11) lib/rack/etag.rb:29:in `call'
rack (3.1.11) lib/rack/conditional_get.rb:31:in `call'
rack (3.1.11) lib/rack/head.rb:15:in `call'
actionpack (8.0.1) lib/action_dispatch/http/permissions_policy.rb:38:in `call'
actionpack (8.0.1) lib/action_dispatch/http/content_security_policy.rb:38:in `call'
rack-session (2.1.0) lib/rack/session/abstract/id.rb:274:in `context'
rack-session (2.1.0) lib/rack/session/abstract/id.rb:268:in `call'
actionpack (8.0.1) lib/action_dispatch/middleware/cookies.rb:706:in `call'
activerecord (8.0.1) lib/active_record/migration.rb:671:in `call'
actionpack (8.0.1) lib/action_dispatch/middleware/callbacks.rb:31:in `block in call'
activesupport (8.0.1) lib/active_support/callbacks.rb:100:in `run_callbacks'
actionpack (8.0.1) lib/action_dispatch/middleware/callbacks.rb:30:in `call'
actionpack (8.0.1) lib/action_dispatch/middleware/executor.rb:16:in `call'
actionpack (8.0.1) lib/action_dispatch/middleware/actionable_exceptions.rb:18:in `call'
actionpack (8.0.1) lib/action_dispatch/middleware/debug_exceptions.rb:31:in `call'
web-console (4.2.1) lib/web_console/middleware.rb:132:in `call_app'
web-console (4.2.1) lib/web_console/middleware.rb:28:in `block in call'
web-console (4.2.1) lib/web_console/middleware.rb:17:in `catch'
web-console (4.2.1) lib/web_console/middleware.rb:17:in `call'
actionpack (8.0.1) lib/action_dispatch/middleware/show_exceptions.rb:32:in `call'
railties (8.0.1) lib/rails/rack/logger.rb:41:in `call_app'
railties (8.0.1) lib/rails/rack/logger.rb:29:in `call'
actionpack (8.0.1) lib/action_dispatch/middleware/remote_ip.rb:96:in `call'
actionpack (8.0.1) lib/action_dispatch/middleware/request_id.rb:34:in `call'
rack (3.1.11) lib/rack/method_override.rb:28:in `call'
rack (3.1.11) lib/rack/runtime.rb:24:in `call'
actionpack (8.0.1) lib/action_dispatch/middleware/server_timing.rb:61:in `block in call'
actionpack (8.0.1) lib/action_dispatch/middleware/server_timing.rb:26:in `collect_events'
actionpack (8.0.1) lib/action_dispatch/middleware/server_timing.rb:60:in `call'
actionpack (8.0.1) lib/action_dispatch/middleware/executor.rb:16:in `call'
actionpack (8.0.1) lib/action_dispatch/middleware/static.rb:27:in `call'
rack (3.1.11) lib/rack/sendfile.rb:114:in `call'
actionpack (8.0.1) lib/action_dispatch/middleware/host_authorization.rb:143:in `call'
railties (8.0.1) lib/rails/engine.rb:535:in `call'
puma (6.6.0) lib/puma/configuration.rb:279:in `call'
puma (6.6.0) lib/puma/request.rb:99:in `block in handle_request'
puma (6.6.0) lib/puma/thread_pool.rb:390:in `with_force_shutdown'
puma (6.6.0) lib/puma/request.rb:98:in `handle_request'
puma (6.6.0) lib/puma/server.rb:472:in `process_client'
puma (6.6.0) lib/puma/server.rb:254:in `block in run'
puma (6.6.0) lib/puma/thread_pool.rb:167:in `block in spawn_thread'
Started GET "/api/v1/posts/1" for 127.0.0.1 at 2025-03-11 22:45:58 +0900
Processing by Api::V1::PostsController#show as HTML
  Parameters: {"id"=>"1"}
  [1m[36mPost Load (0.2ms)[0m  [1m[34mSELECT "posts".* FROM "posts" WHERE "posts"."id" = 1 LIMIT 1 /*action='show',application='BlogApi',controller='posts'*/[0m
  ↳ app/controllers/api/v1/posts_controller.rb:9:in `show'
  Rendering layout layouts/application.html.erb
  Rendering api/v1/posts/show.html.erb within layouts/application
  Rendered api/v1/posts/show.html.erb within layouts/application (Duration: 1.6ms | GC: 0.0ms)
  Rendered layout layouts/application.html.erb (Duration: 228.5ms | GC: 0.0ms)
Completed 200 OK in 709ms (Views: 231.0ms | ActiveRecord: 0.2ms (1 query, 0 cached) | GC: 0.0ms)


Started GET "/" for 127.0.0.1 at 2025-03-11 22:46:46 +0900
Processing by Api::V1::PostsController#index as HTML
  Rendering layout layouts/application.html.erb
  Rendering api/v1/posts/index.html.erb within layouts/application
  [1m[36mPost Load (1.7ms)[0m  [1m[34mSELECT "posts".* FROM "posts" /*action='index',application='BlogApi',controller='posts'*/[0m
  ↳ app/views/api/v1/posts/index.html.erb:20
  Rendered api/v1/posts/index.html.erb within layouts/application (Duration: 24.7ms | GC: 0.0ms)
  Rendered layout layouts/application.html.erb (Duration: 32.7ms | GC: 0.0ms)
Completed 200 OK in 548ms (Views: 70.7ms | ActiveRecord: 2.9ms (1 query, 0 cached) | GC: 0.0ms)


Started GET "/" for 127.0.0.1 at 2025-03-11 22:47:06 +0900
Processing by Api::V1::PostsController#index as HTML
  Rendering layout layouts/application.html.erb
  Rendering api/v1/posts/index.html.erb within layouts/application
  [1m[36mPost Load (1.5ms)[0m  [1m[34mSELECT "posts".* FROM "posts" /*action='index',application='BlogApi',controller='posts'*/[0m
  ↳ app/views/api/v1/posts/index.html.erb:20
  Rendered api/v1/posts/index.html.erb within layouts/application (Duration: 11.5ms | GC: 0.0ms)
  Rendered layout layouts/application.html.erb (Duration: 14.5ms | GC: 0.0ms)
Completed 200 OK in 566ms (Views: 48.0ms | ActiveRecord: 2.4ms (1 query, 0 cached) | GC: 0.0ms)


Started GET "/" for 127.0.0.1 at 2025-03-11 22:49:36 +0900
Processing by Api::V1::PostsController#index as HTML
  Rendering layout layouts/application.html.erb
  Rendering api/v1/posts/index.html.erb within layouts/application
  [1m[36mPost Load (1.5ms)[0m  [1m[34mSELECT "posts".* FROM "posts" /*action='index',application='BlogApi',controller='posts'*/[0m
  ↳ app/views/api/v1/posts/index.html.erb:20
  Rendered api/v1/posts/index.html.erb within layouts/application (Duration: 12.5ms | GC: 0.0ms)
  Rendered layout layouts/application.html.erb (Duration: 15.5ms | GC: 0.0ms)
Completed 200 OK in 550ms (Views: 48.3ms | ActiveRecord: 2.3ms (1 query, 0 cached) | GC: 0.0ms)


  [1m[36mActiveRecord::SchemaMigration Load (0.3ms)[0m  [1m[34mSELECT "schema_migrations"."version" FROM "schema_migrations" ORDER BY "schema_migrations"."version" ASC /*application='BlogApi'*/[0m
